# JRE version: OpenJDK Runtime Environment GraalVM CE 22.3.0 (17.0.5+8) (build 17.0.5+8-jvmci-22.3-b08)
# Java VM: OpenJDK 64-Bit Server VM GraalVM CE 22.3.0 (17.0.5+8-jvmci-22.3-b08, mixed mode, sharing, tiered, jvmci, jvmci compiler, compressed oops, compressed class ptrs, parallel gc, linux-amd64)
GC Precious Log:
 CPUs: 8 total, 1 available
 Memory: 1024M
 Large Page Support: Disabled
 NUMA Support: Disabled
 Compressed Oops: Enabled (32-bit)
 Alignments: Space 512K, Generation 512K, Heap 2M
 Heap Min Capacity: 100M
 Heap Initial Capacity: 100M
 Heap Max Capacity: 512M
 Pre-touch: Disabled
 Parallel Workers: 1
Heap:
 PSYoungGen      total 78336K, used 48640K [0x00000000f5580000, 0x00000000fc700000, 0x0000000100000000)
  eden space 48640K, 100% used [0x00000000f5580000,0x00000000f8500000,0x00000000f8500000)
  from space 29696K, 0% used [0x00000000faa00000,0x00000000faa00000,0x00000000fc700000)
  to   space 15872K, 0% used [0x00000000f8500000,0x00000000f8500000,0x00000000f9480000)
 ParOldGen       total 349696K, used 349695K [0x00000000e0000000, 0x00000000f5580000, 0x00000000f5580000)
  object space 349696K, 99% used [0x00000000e0000000,0x00000000f557ffe0,0x00000000f5580000)
 Metaspace       used 60265K, committed 61440K, reserved 1105920K
  class space    used 5956K, committed 6400K, reserved 1048576K
GC Heap History (20 events):
Event: 974.192 GC heap before
{Heap before GC invocations=750 (full 654):
 PSYoungGen      total 78336K, used 48639K [0x00000000f5580000, 0x00000000fc700000, 0x0000000100000000)
  eden space 48640K, 99% used [0x00000000f5580000,0x00000000f84ffff8,0x00000000f8500000)
  from space 29696K, 0% used [0x00000000faa00000,0x00000000faa00000,0x00000000fc700000)
  to   space 15872K, 0% used [0x00000000f8500000,0x00000000f8500000,0x00000000f9480000)
 ParOldGen       total 349696K, used 349695K [0x00000000e0000000, 0x00000000f5580000, 0x00000000f5580000)
  object space 349696K, 99% used [0x00000000e0000000,0x00000000f557ff18,0x00000000f5580000)
 Metaspace       used 60265K, committed 61440K, reserved 1105920K
  class space    used 5956K, committed 6400K, reserved 1048576K
}
Event: 975.487 GC heap after
{Heap after GC invocations=750 (full 654):
 PSYoungGen      total 64512K, used 48639K [0x00000000f5580000, 0x00000000fc700000, 0x0000000100000000)
  eden space 48640K, 99% used [0x00000000f5580000,0x00000000f84ffec0,0x00000000f8500000)
  from space 15872K, 0% used [0x00000000f8500000,0x00000000f8500000,0x00000000f9480000)
  to   space 29696K, 0% used [0x00000000faa00000,0x00000000faa00000,0x00000000fc700000)
 ParOldGen       total 349696K, used 349695K [0x00000000e0000000, 0x00000000f5580000, 0x00000000f5580000)
  object space 349696K, 99% used [0x00000000e0000000,0x00000000f557fed0,0x00000000f5580000)
 Metaspace       used 60265K, committed 61440K, reserved 1105920K
  class space    used 5956K, committed 6400K, reserved 1048576K
}
Event: 975.488 GC heap before
{Heap before GC invocations=751 (full 655):
 PSYoungGen      total 64512K, used 48639K [0x00000000f5580000, 0x00000000fc700000, 0x0000000100000000)
  eden space 48640K, 99% used [0x00000000f5580000,0x00000000f84ffff0,0x00000000f8500000)
  from space 15872K, 0% used [0x00000000f8500000,0x00000000f8500000,0x00000000f9480000)
  to   space 29696K, 0% used [0x00000000faa00000,0x00000000faa00000,0x00000000fc700000)
 ParOldGen       total 349696K, used 349695K [0x00000000e0000000, 0x00000000f5580000, 0x00000000f5580000)
  object space 349696K, 99% used [0x00000000e0000000,0x00000000f557fed0,0x00000000f5580000)
 Metaspace       used 60265K, committed 61440K, reserved 1105920K
  class space    used 5956K, committed 6400K, reserved 1048576K
}
Event: 976.787 GC heap after
{Heap after GC invocations=751 (full 655):
 PSYoungGen      total 78336K, used 48639K [0x00000000f5580000, 0x00000000fc700000, 0x0000000100000000)
  eden space 48640K, 99% used [0x00000000f5580000,0x00000000f84fffb8,0x00000000f8500000)
  from space 29696K, 0% used [0x00000000faa00000,0x00000000faa00000,0x00000000fc700000)
  to   space 15872K, 0% used [0x00000000f8500000,0x00000000f8500000,0x00000000f9480000)
 ParOldGen       total 349696K, used 349695K [0x00000000e0000000, 0x00000000f5580000, 0x00000000f5580000)
  object space 349696K, 99% used [0x00000000e0000000,0x00000000f557fed0,0x00000000f5580000)
 Metaspace       used 60265K, committed 61440K, reserved 1105920K
  class space    used 5956K, committed 6400K, reserved 1048576K
}
Event: 976.787 GC heap before
{Heap before GC invocations=752 (full 656):
 PSYoungGen      total 78336K, used 48639K [0x00000000f5580000, 0x00000000fc700000, 0x0000000100000000)
  eden space 48640K, 99% used [0x00000000f5580000,0x00000000f84ffff0,0x00000000f8500000)
  from space 29696K, 0% used [0x00000000faa00000,0x00000000faa00000,0x00000000fc700000)
  to   space 15872K, 0% used [0x00000000f8500000,0x00000000f8500000,0x00000000f9480000)
 ParOldGen       total 349696K, used 349695K [0x00000000e0000000, 0x00000000f5580000, 0x00000000f5580000)
  object space 349696K, 99% used [0x00000000e0000000,0x00000000f557fed0,0x00000000f5580000)
 Metaspace       used 60265K, committed 61440K, reserved 1105920K
  class space    used 5956K, committed 6400K, reserved 1048576K
}
Event: 978.176 GC heap after
{Heap after GC invocations=752 (full 656):
 PSYoungGen      total 64512K, used 48639K [0x00000000f5580000, 0x00000000fc700000, 0x0000000100000000)
  eden space 48640K, 99% used [0x00000000f5580000,0x00000000f84ffff0,0x00000000f8500000)
  from space 15872K, 0% used [0x00000000f8500000,0x00000000f8500000,0x00000000f9480000)
  to   space 29696K, 0% used [0x00000000faa00000,0x00000000faa00000,0x00000000fc700000)
 ParOldGen       total 349696K, used 349695K [0x00000000e0000000, 0x00000000f5580000, 0x00000000f5580000)
  object space 349696K, 99% used [0x00000000e0000000,0x00000000f557fed0,0x00000000f5580000)
 Metaspace       used 60265K, committed 61440K, reserved 1105920K
  class space    used 5956K, committed 6400K, reserved 1048576K
}
Event: 978.176 GC heap before
{Heap before GC invocations=753 (full 657):
 PSYoungGen      total 64512K, used 48639K [0x00000000f5580000, 0x00000000fc700000, 0x0000000100000000)
  eden space 48640K, 99% used [0x00000000f5580000,0x00000000f84ffff0,0x00000000f8500000)
  from space 15872K, 0% used [0x00000000f8500000,0x00000000f8500000,0x00000000f9480000)
  to   space 29696K, 0% used [0x00000000faa00000,0x00000000faa00000,0x00000000fc700000)
 ParOldGen       total 349696K, used 349695K [0x00000000e0000000, 0x00000000f5580000, 0x00000000f5580000)
  object space 349696K, 99% used [0x00000000e0000000,0x00000000f557ffc0,0x00000000f5580000)
 Metaspace       used 60265K, committed 61440K, reserved 1105920K
  class space    used 5956K, committed 6400K, reserved 1048576K
}
Event: 979.466 GC heap after
{Heap after GC invocations=753 (full 657):
 PSYoungGen      total 78336K, used 48639K [0x00000000f5580000, 0x00000000fc700000, 0x0000000100000000)
  eden space 48640K, 99% used [0x00000000f5580000,0x00000000f84ffef0,0x00000000f8500000)
  from space 29696K, 0% used [0x00000000faa00000,0x00000000faa00000,0x00000000fc700000)
  to   space 15872K, 0% used [0x00000000f8500000,0x00000000f8500000,0x00000000f9480000)
 ParOldGen       total 349696K, used 349695K [0x00000000e0000000, 0x00000000f5580000, 0x00000000f5580000)
  object space 349696K, 99% used [0x00000000e0000000,0x00000000f557ff60,0x00000000f5580000)
 Metaspace       used 60265K, committed 61440K, reserved 1105920K
  class space    used 5956K, committed 6400K, reserved 1048576K
}
Event: 979.466 GC heap before
{Heap before GC invocations=754 (full 658):
 PSYoungGen      total 78336K, used 48639K [0x00000000f5580000, 0x00000000fc700000, 0x0000000100000000)
  eden space 48640K, 99% used [0x00000000f5580000,0x00000000f84fff80,0x00000000f8500000)
  from space 29696K, 0% used [0x00000000faa00000,0x00000000faa00000,0x00000000fc700000)
  to   space 15872K, 0% used [0x00000000f8500000,0x00000000f8500000,0x00000000f9480000)
 ParOldGen       total 349696K, used 349695K [0x00000000e0000000, 0x00000000f5580000, 0x00000000f5580000)
  object space 349696K, 99% used [0x00000000e0000000,0x00000000f557ff60,0x00000000f5580000)
 Metaspace       used 60265K, committed 61440K, reserved 1105920K
  class space    used 5956K, committed 6400K, reserved 1048576K
}
Event: 980.677 GC heap after
{Heap after GC invocations=754 (full 658):
 PSYoungGen      total 64512K, used 48639K [0x00000000f5580000, 0x00000000fc700000, 0x0000000100000000)
  eden space 48640K, 99% used [0x00000000f5580000,0x00000000f84fff80,0x00000000f8500000)
  from space 15872K, 0% used [0x00000000f8500000,0x00000000f8500000,0x00000000f9480000)
  to   space 29696K, 0% used [0x00000000faa00000,0x00000000faa00000,0x00000000fc700000)
 ParOldGen       total 349696K, used 349695K [0x00000000e0000000, 0x00000000f5580000, 0x00000000f5580000)
  object space 349696K, 99% used [0x00000000e0000000,0x00000000f557ff60,0x00000000f5580000)
 Metaspace       used 60265K, committed 61440K, reserved 1105920K
  class space    used 5956K, committed 6400K, reserved 1048576K
}
Event: 980.677 GC heap before
{Heap before GC invocations=755 (full 659):
 PSYoungGen      total 64512K, used 48639K [0x00000000f5580000, 0x00000000fc700000, 0x0000000100000000)
  eden space 48640K, 99% used [0x00000000f5580000,0x00000000f84fff80,0x00000000f8500000)
  from space 15872K, 0% used [0x00000000f8500000,0x00000000f8500000,0x00000000f9480000)
  to   space 29696K, 0% used [0x00000000faa00000,0x00000000faa00000,0x00000000fc700000)
 ParOldGen       total 349696K, used 349695K [0x00000000e0000000, 0x00000000f5580000, 0x00000000f5580000)
  object space 349696K, 99% used [0x00000000e0000000,0x00000000f557fff0,0x00000000f5580000)
 Metaspace       used 60265K, committed 61440K, reserved 1105920K
  class space    used 5956K, committed 6400K, reserved 1048576K
}
Event: 982.004 GC heap after
{Heap after GC invocations=755 (full 659):
 PSYoungGen      total 78336K, used 48639K [0x00000000f5580000, 0x00000000fc700000, 0x0000000100000000)
  eden space 48640K, 99% used [0x00000000f5580000,0x00000000f84fff80,0x00000000f8500000)
  from space 29696K, 0% used [0x00000000faa00000,0x00000000faa00000,0x00000000fc700000)
  to   space 15872K, 0% used [0x00000000f8500000,0x00000000f8500000,0x00000000f9480000)
 ParOldGen       total 349696K, used 349695K [0x00000000e0000000, 0x00000000f5580000, 0x00000000f5580000)
  object space 349696K, 99% used [0x00000000e0000000,0x00000000f557fff0,0x00000000f5580000)
 Metaspace       used 60265K, committed 61440K, reserved 1105920K
  class space    used 5956K, committed 6400K, reserved 1048576K
}
Event: 982.004 GC heap before
{Heap before GC invocations=756 (full 660):
 PSYoungGen      total 78336K, used 48639K [0x00000000f5580000, 0x00000000fc700000, 0x0000000100000000)
  eden space 48640K, 99% used [0x00000000f5580000,0x00000000f84fff80,0x00000000f8500000)
  from space 29696K, 0% used [0x00000000faa00000,0x00000000faa00000,0x00000000fc700000)
  to   space 15872K, 0% used [0x00000000f8500000,0x00000000f8500000,0x00000000f9480000)
 ParOldGen       total 349696K, used 349695K [0x00000000e0000000, 0x00000000f5580000, 0x00000000f5580000)
  object space 349696K, 99% used [0x00000000e0000000,0x00000000f557fff0,0x00000000f5580000)
 Metaspace       used 60265K, committed 61440K, reserved 1105920K
  class space    used 5956K, committed 6400K, reserved 1048576K
}
Event: 983.307 GC heap after
{Heap after GC invocations=756 (full 660):
 PSYoungGen      total 64512K, used 48639K [0x00000000f5580000, 0x00000000fc700000, 0x0000000100000000)
  eden space 48640K, 99% used [0x00000000f5580000,0x00000000f84fff80,0x00000000f8500000)
  from space 15872K, 0% used [0x00000000f8500000,0x00000000f8500000,0x00000000f9480000)
  to   space 29696K, 0% used [0x00000000faa00000,0x00000000faa00000,0x00000000fc700000)
 ParOldGen       total 349696K, used 349695K [0x00000000e0000000, 0x00000000f5580000, 0x00000000f5580000)
  object space 349696K, 99% used [0x00000000e0000000,0x00000000f557fff0,0x00000000f5580000)
 Metaspace       used 60265K, committed 61440K, reserved 1105920K
  class space    used 5956K, committed 6400K, reserved 1048576K
}
Event: 983.308 GC heap before
{Heap before GC invocations=757 (full 661):
 PSYoungGen      total 64512K, used 48640K [0x00000000f5580000, 0x00000000fc700000, 0x0000000100000000)
  eden space 48640K, 100% used [0x00000000f5580000,0x00000000f8500000,0x00000000f8500000)
  from space 15872K, 0% used [0x00000000f8500000,0x00000000f8500000,0x00000000f9480000)
  to   space 29696K, 0% used [0x00000000faa00000,0x00000000faa00000,0x00000000fc700000)
 ParOldGen       total 349696K, used 349696K [0x00000000e0000000, 0x00000000f5580000, 0x00000000f5580000)
  object space 349696K, 100% used [0x00000000e0000000,0x00000000f5580000,0x00000000f5580000)
 Metaspace       used 60265K, committed 61440K, reserved 1105920K
  class space    used 5956K, committed 6400K, reserved 1048576K
}
Event: 984.657 GC heap after
{Heap after GC invocations=757 (full 661):
 PSYoungGen      total 78336K, used 48639K [0x00000000f5580000, 0x00000000fc700000, 0x0000000100000000)
  eden space 48640K, 99% used [0x00000000f5580000,0x00000000f84fff40,0x00000000f8500000)
  from space 29696K, 0% used [0x00000000faa00000,0x00000000faa00000,0x00000000fc700000)
  to   space 15872K, 0% used [0x00000000f8500000,0x00000000f8500000,0x00000000f9480000)
 ParOldGen       total 349696K, used 349695K [0x00000000e0000000, 0x00000000f5580000, 0x00000000f5580000)
  object space 349696K, 99% used [0x00000000e0000000,0x00000000f557fee8,0x00000000f5580000)
 Metaspace       used 60265K, committed 61440K, reserved 1105920K
  class space    used 5956K, committed 6400K, reserved 1048576K
}
Event: 984.658 GC heap before
{Heap before GC invocations=758 (full 662):
 PSYoungGen      total 78336K, used 48639K [0x00000000f5580000, 0x00000000fc700000, 0x0000000100000000)
  eden space 48640K, 99% used [0x00000000f5580000,0x00000000f84fff98,0x00000000f8500000)
  from space 29696K, 0% used [0x00000000faa00000,0x00000000faa00000,0x00000000fc700000)
  to   space 15872K, 0% used [0x00000000f8500000,0x00000000f8500000,0x00000000f9480000)
 ParOldGen       total 349696K, used 349695K [0x00000000e0000000, 0x00000000f5580000, 0x00000000f5580000)
  object space 349696K, 99% used [0x00000000e0000000,0x00000000f557fee8,0x00000000f5580000)
 Metaspace       used 60265K, committed 61440K, reserved 1105920K
  class space    used 5956K, committed 6400K, reserved 1048576K
}
Event: 986.180 GC heap after
{Heap after GC invocations=758 (full 662):
 PSYoungGen      total 64512K, used 48639K [0x00000000f5580000, 0x00000000fc700000, 0x0000000100000000)
  eden space 48640K, 99% used [0x00000000f5580000,0x00000000f84fff58,0x00000000f8500000)
  from space 15872K, 0% used [0x00000000f8500000,0x00000000f8500000,0x00000000f9480000)
  to   space 29696K, 0% used [0x00000000faa00000,0x00000000faa00000,0x00000000fc700000)
 ParOldGen       total 349696K, used 349695K [0x00000000e0000000, 0x00000000f5580000, 0x00000000f5580000)
  object space 349696K, 99% used [0x00000000e0000000,0x00000000f557fee8,0x00000000f5580000)
 Metaspace       used 60265K, committed 61440K, reserved 1105920K
  class space    used 5956K, committed 6400K, reserved 1048576K
}
Event: 986.180 GC heap before
{Heap before GC invocations=759 (full 663):
 PSYoungGen      total 64512K, used 48639K [0x00000000f5580000, 0x00000000fc700000, 0x0000000100000000)
  eden space 48640K, 99% used [0x00000000f5580000,0x00000000f84fff58,0x00000000f8500000)
  from space 15872K, 0% used [0x00000000f8500000,0x00000000f8500000,0x00000000f9480000)
  to   space 29696K, 0% used [0x00000000faa00000,0x00000000faa00000,0x00000000fc700000)
 ParOldGen       total 349696K, used 349695K [0x00000000e0000000, 0x00000000f5580000, 0x00000000f5580000)
  object space 349696K, 99% used [0x00000000e0000000,0x00000000f557fee8,0x00000000f5580000)
 Metaspace       used 60265K, committed 61440K, reserved 1105920K
  class space    used 5956K, committed 6400K, reserved 1048576K
}
Event: 987.403 GC heap after
{Heap after GC invocations=759 (full 663):
 PSYoungGen      total 78336K, used 48639K [0x00000000f5580000, 0x00000000fc700000, 0x0000000100000000)
  eden space 48640K, 99% used [0x00000000f5580000,0x00000000f84fff58,0x00000000f8500000)
  from space 29696K, 0% used [0x00000000faa00000,0x00000000faa00000,0x00000000fc700000)
  to   space 15872K, 0% used [0x00000000f8500000,0x00000000f8500000,0x00000000f9480000)
 ParOldGen       total 349696K, used 349695K [0x00000000e0000000, 0x00000000f5580000, 0x00000000f5580000)
  object space 349696K, 99% used [0x00000000e0000000,0x00000000f557fee8,0x00000000f5580000)
 Metaspace       used 60265K, committed 61440K, reserved 1105920K
  class space    used 5956K, committed 6400K, reserved 1048576K
}

